0 info it worked if it ends with ok
1 verbose cli [ 'c:\\Program Files (x86)\\nodejs\\node.exe',
1 verbose cli   'c:\\Program Files (x86)\\nodejs\\node_modules\\npm\\bin\\npm-cli.js',
1 verbose cli   'install',
1 verbose cli   '-g',
1 verbose cli   'pixi.js' ]
2 info using npm@2.3.0
3 info using node@v0.10.36
4 silly cache add args [ 'pixi.js', null ]
5 verbose cache add spec pixi.js
6 silly cache add parsed spec { raw: 'pixi.js',
6 silly cache add   scope: null,
6 silly cache add   name: 'pixi.js',
6 silly cache add   rawSpec: '',
6 silly cache add   spec: '*',
6 silly cache add   type: 'range' }
7 verbose addNamed pixi.js@*
8 silly addNamed semver.valid null
9 silly addNamed semver.validRange *
10 silly addNameRange { name: 'pixi.js', range: '*', hasData: false }
11 silly mapToRegistry name pixi.js
12 silly mapToRegistry using default registry
13 silly mapToRegistry registry https://registry.npmjs.org/
14 silly mapToRegistry uri https://registry.npmjs.org/pixi.js
15 verbose addNameRange registry:https://registry.npmjs.org/pixi.js not in flight; fetching
16 verbose request uri https://registry.npmjs.org/pixi.js
17 verbose request no auth needed
18 info attempt registry request try #1 at 15:59:26
19 verbose request id 53618430218a8988
20 http request GET https://registry.npmjs.org/pixi.js
21 http 200 https://registry.npmjs.org/pixi.js
22 silly get cb [ 200,
22 silly get   { date: 'Sun, 15 Feb 2015 23:59:29 GMT',
22 silly get     server: 'CouchDB/1.5.0 (Erlang OTP/R16B03)',
22 silly get     etag: '"8HXJG1H99WVD95BQCTD2VXC3R"',
22 silly get     'content-type': 'application/json',
22 silly get     'cache-control': 'max-age=60',
22 silly get     'content-length': '32142',
22 silly get     'accept-ranges': 'bytes',
22 silly get     via: '1.1 varnish',
22 silly get     age: '0',
22 silly get     'x-served-by': 'cache-sjc3128-SJC',
22 silly get     'x-cache': 'MISS',
22 silly get     'x-cache-hits': '0',
22 silly get     'x-timer': 'S1424044768.720795,VS0,VE432',
22 silly get     vary: 'Accept',
22 silly get     'keep-alive': 'timeout=10, max=50',
22 silly get     connection: 'Keep-Alive' } ]
23 silly addNameRange number 2 { name: 'pixi.js', range: '*', hasData: true }
24 silly addNameRange versions [ 'pixi.js',
24 silly addNameRange   [ '1.4.0',
24 silly addNameRange     '1.4.1',
24 silly addNameRange     '1.4.3',
24 silly addNameRange     '1.5.0',
24 silly addNameRange     '1.5.1',
24 silly addNameRange     '1.5.2',
24 silly addNameRange     '1.5.3',
24 silly addNameRange     '1.6.0',
24 silly addNameRange     '1.6.1',
24 silly addNameRange     '2.0.0',
24 silly addNameRange     '2.1.0',
24 silly addNameRange     '2.1.1',
24 silly addNameRange     '2.2.0',
24 silly addNameRange     '2.2.1',
24 silly addNameRange     '2.2.3',
24 silly addNameRange     '2.2.4',
24 silly addNameRange     '2.2.5' ] ]
25 verbose addNamed pixi.js@2.2.5
26 silly addNamed semver.valid 2.2.5
27 silly addNamed semver.validRange 2.2.5
28 silly mapToRegistry name pixi.js
29 silly mapToRegistry using default registry
30 silly mapToRegistry registry https://registry.npmjs.org/
31 silly mapToRegistry uri https://registry.npmjs.org/pixi.js
32 verbose addRemoteTarball https://registry.npmjs.org/pixi.js/-/pixi.js-2.2.5.tgz not in flight; adding
33 verbose addRemoteTarball [ 'https://registry.npmjs.org/pixi.js/-/pixi.js-2.2.5.tgz',
33 verbose addRemoteTarball   'f9b6b572f4e1902c29734af52a10d01524ec34d1' ]
34 info retry fetch attempt 1 at 15:59:27
35 info attempt registry request try #1 at 15:59:27
36 http fetch GET https://registry.npmjs.org/pixi.js/-/pixi.js-2.2.5.tgz
37 http fetch 200 https://registry.npmjs.org/pixi.js/-/pixi.js-2.2.5.tgz
38 silly fetchAndShaCheck shasum f9b6b572f4e1902c29734af52a10d01524ec34d1
39 verbose addTmpTarball C:\Users\Gillian\AppData\Local\Temp\npm-9848-6029f1ac\registry.npmjs.org\pixi.js\-\pixi.js-2.2.5.tgz not in flight; adding
40 verbose addTmpTarball already have metadata; skipping unpack for pixi.js@2.2.5
41 silly cache afterAdd pixi.js@2.2.5
42 verbose afterAdd C:\Users\Gillian\AppData\Roaming\npm-cache\pixi.js\2.2.5\package\package.json not in flight; writing
43 verbose afterAdd C:\Users\Gillian\AppData\Roaming\npm-cache\pixi.js\2.2.5\package\package.json written
44 silly install resolved [ { name: 'pixi.js',
44 silly install resolved     version: '2.2.5',
44 silly install resolved     description: 'Pixi.js is a fast lightweight 2D library that works across all devices.',
44 silly install resolved     author: { name: 'Mat Groves' },
44 silly install resolved     contributors: [ [Object] ],
44 silly install resolved     logo: 'http://www.goodboydigital.com/pixijs/logo_small.png',
44 silly install resolved     homepage: 'http://goodboydigital.com/',
44 silly install resolved     bugs: { url: 'https://github.com/GoodBoyDigital/pixi.js/issues' },
44 silly install resolved     license: 'MIT',
44 silly install resolved     licenseUrl: 'http://www.opensource.org/licenses/mit-license.php',
44 silly install resolved     repository:
44 silly install resolved      { type: 'git',
44 silly install resolved        url: 'https://github.com/GoodBoyDigital/pixi.js.git' },
44 silly install resolved     main: 'bin/pixi.js',
44 silly install resolved     scripts: { test: 'grunt travis --verbose' },
44 silly install resolved     dependencies: {},
44 silly install resolved     devDependencies:
44 silly install resolved      { grunt: '~0.4.1',
44 silly install resolved        'grunt-contrib-jshint': '~0.8',
44 silly install resolved        'grunt-contrib-uglify': '~0.2',
44 silly install resolved        'grunt-contrib-connect': '~0.5',
44 silly install resolved        'grunt-contrib-yuidoc': '~0.5',
44 silly install resolved        'grunt-concat-sourcemap': '~0.4',
44 silly install resolved        'grunt-contrib-concat': '~0.3',
44 silly install resolved        mocha: '~1.15',
44 silly install resolved        chai: '~1.8',
44 silly install resolved        karma: '~0.12',
44 silly install resolved        'karma-chrome-launcher': '~0.1',
44 silly install resolved        'karma-firefox-launcher': '~0.1',
44 silly install resolved        'karma-mocha': '~0.1',
44 silly install resolved        'karma-spec-reporter': '~0.0.6',
44 silly install resolved        'grunt-contrib-watch': '~0.5.3' },
44 silly install resolved     gitHead: '10a9dc6b8765f5dd73763c6f6fe8f491992e0a4e',
44 silly install resolved     _id: 'pixi.js@2.2.5',
44 silly install resolved     _shasum: 'f9b6b572f4e1902c29734af52a10d01524ec34d1',
44 silly install resolved     _from: 'pixi.js@*',
44 silly install resolved     _npmVersion: '1.4.23',
44 silly install resolved     _npmUser: { name: 'englercj', email: 'englercj@live.com' },
44 silly install resolved     maintainers: [ [Object] ],
44 silly install resolved     dist:
44 silly install resolved      { shasum: 'f9b6b572f4e1902c29734af52a10d01524ec34d1',
44 silly install resolved        tarball: 'http://registry.npmjs.org/pixi.js/-/pixi.js-2.2.5.tgz' },
44 silly install resolved     directories: {},
44 silly install resolved     _resolved: 'https://registry.npmjs.org/pixi.js/-/pixi.js-2.2.5.tgz' } ]
45 info install pixi.js@2.2.5 into c:\Program Files (x86)\nodejs
46 info installOne pixi.js@2.2.5
47 verbose installOne of pixi.js to c:\Program Files (x86)\nodejs not in flight; installing
48 verbose lock using C:\Users\Gillian\AppData\Roaming\npm-cache\_locks\pixi-js-0fefdbdcd82a4ee3.lock for c:\Program Files (x86)\nodejs\node_modules\pixi.js
49 silly install write writing pixi.js 2.2.5 to c:\Program Files (x86)\nodejs\node_modules\pixi.js
50 silly cache addNamed cb pixi.js@2.2.5
51 verbose unbuild node_modules\pixi.js
52 verbose gentlyRm vacuuming c:\Program Files (x86)\nodejs\node_modules\pixi.js
53 verbose tar unpack C:\Users\Gillian\AppData\Roaming\npm-cache\pixi.js\2.2.5\package.tgz
54 verbose tar unpacking to c:\Program Files (x86)\nodejs\node_modules\pixi.js
55 verbose gentlyRm vacuuming c:\Program Files (x86)\nodejs\node_modules\pixi.js
56 silly gunzTarPerm modes [ '777', '666' ]
57 error tar.unpack untar error C:\Users\Gillian\AppData\Roaming\npm-cache\pixi.js\2.2.5\package.tgz
58 verbose unlock done using C:\Users\Gillian\AppData\Roaming\npm-cache\_locks\pixi-js-0fefdbdcd82a4ee3.lock for c:\Program Files (x86)\nodejs\node_modules\pixi.js
59 verbose fstream_path c:\Program Files (x86)\nodejs\node_modules\pixi.js
60 verbose fstream_type Directory
61 verbose fstream_class DirWriter
62 verbose stack Error: EPERM, mkdir 'c:\Program Files (x86)\nodejs\node_modules\pixi.js'
63 verbose fstream_stack c:\Program Files (x86)\nodejs\node_modules\npm\node_modules\fstream\lib\dir-writer.js:36:23
63 verbose fstream_stack c:\Program Files (x86)\nodejs\node_modules\npm\node_modules\mkdirp\index.js:46:53
63 verbose fstream_stack Object.oncomplete (fs.js:108:15)
64 verbose cwd c:\Users\Gillian\Documents\School\iat_381\charactercreator
65 error Windows_NT 6.2.9200
66 error argv "c:\\Program Files (x86)\\nodejs\\node.exe" "c:\\Program Files (x86)\\nodejs\\node_modules\\npm\\bin\\npm-cli.js" "install" "-g" "pixi.js"
67 error node v0.10.36
68 error npm  v2.3.0
69 error path c:\Program Files (x86)\nodejs\node_modules\pixi.js
70 error code EPERM
71 error errno 50
72 error Error: EPERM, mkdir 'c:\Program Files (x86)\nodejs\node_modules\pixi.js'
72 error  { [Error: EPERM, mkdir 'c:\Program Files (x86)\nodejs\node_modules\pixi.js']
72 error   errno: 50,
72 error   code: 'EPERM',
72 error   path: 'c:\\Program Files (x86)\\nodejs\\node_modules\\pixi.js',
72 error   fstream_type: 'Directory',
72 error   fstream_path: 'c:\\Program Files (x86)\\nodejs\\node_modules\\pixi.js',
72 error   fstream_class: 'DirWriter',
72 error   fstream_stack:
72 error    [ 'c:\\Program Files (x86)\\nodejs\\node_modules\\npm\\node_modules\\fstream\\lib\\dir-writer.js:36:23',
72 error      'c:\\Program Files (x86)\\nodejs\\node_modules\\npm\\node_modules\\mkdirp\\index.js:46:53',
72 error      'Object.oncomplete (fs.js:108:15)' ] }
73 error Please try running this command again as root/Administrator.
74 verbose exit [ 50, true ]
75 verbose unbuild node_modules\pixi.js
76 verbose gentlyRm vacuuming c:\Program Files (x86)\nodejs\node_modules\pixi.js
